<?xml version="1.0" encoding="UTF-8"?>
<!-- Generated by org.testng.reporters.JUnitReportReporter -->
<testsuite hostname="Atins-MBP.local" failures="0" tests="5" name="co.pragra.LoginTest" time="0.002" errors="0" timestamp="06 Mar. 2021 16:13:27 GMT" skipped="0">
  <testcase classname="co.pragra.LoginTest" name="loginTc3" time="0.000"/>
  <testcase classname="co.pragra.LoginTest" name="loginTc" time="0.001"/>
  <testcase classname="co.pragra.LoginTest" name="loginTc1" time="0.000"/>
  <testcase classname="co.pragra.LoginTest" name="loginTc2" time="0.000"/>
  <testcase classname="co.pragra.LoginTest" name="loginTc4" time="0.001"/>
</testsuite> <!-- co.pragra.LoginTest -->
