<?xml version="1.0" encoding="UTF-8"?>
<!-- Generated by org.testng.reporters.JUnitReportReporter -->
<testsuite hostname="Atins-MBP.local" failures="0" tests="1" name="co.pragra.HomeTest" time="0.001" errors="0" timestamp="06 Mar. 2021 16:13:27 GMT" skipped="0">
  <testcase classname="co.pragra.HomeTest" name="tc1" time="0.001"/>
</testsuite> <!-- co.pragra.HomeTest -->
